<?xml version="1.0" encoding="UTF-8"?>
<!-- Generated by org.testng.reporters.JUnitReportReporter -->
<testsuite hostname="DESKTOP-ACKRV19" failures="0" tests="1" name="gittigidiyorSearchandFilter.MediaMarkt" time="43.518" errors="0" timestamp="01 Eki 2020 09:13:01 GMT" skipped="0">
  <testcase classname="gittigidiyorSearchandFilter.MediaMarkt" name="f" time="43.518"/>
</testsuite> <!-- gittigidiyorSearchandFilter.MediaMarkt -->
